<?xml version="1.0" encoding="UTF-8"?>
<testng-results ignored="0" total="1" passed="1" failed="0" skipped="0">
  <reporter-output>
  </reporter-output>
  <suite started-at="2022-10-16T18:15:44Z" name="Suite" finished-at="2022-10-16T18:15:47Z" duration-ms="2503">
    <groups>
    </groups>
    <test started-at="2022-10-16T18:15:44Z" name="Test" finished-at="2022-10-16T18:15:47Z" duration-ms="2503">
      <class name="com.qa.utility.TestNG_Engine">
        <test-method signature="TestGun()[pri:0, instance:com.qa.utility.TestNG_Engine@2e32ccc5]" started-at="2022-10-16T18:15:44Z" name="TestGun" finished-at="2022-10-16T18:15:47Z" duration-ms="2489" status="PASS">
          <reporter-output>
          </reporter-output>
        </test-method> <!-- TestGun -->
      </class> <!-- com.qa.utility.TestNG_Engine -->
    </test> <!-- Test -->
  </suite> <!-- Suite -->
</testng-results>
