<?xml version="1.0" encoding="UTF-8"?>
<testng-results ignored="0" total="1" passed="1" failed="0" skipped="0">
  <reporter-output>
  </reporter-output>
  <suite started-at="2022-10-17T00:19:48 IST" name="Suite" finished-at="2022-10-17T00:20:15 IST" duration-ms="26729">
    <groups>
    </groups>
    <test started-at="2022-10-17T00:19:48 IST" name="Test" finished-at="2022-10-17T00:20:15 IST" duration-ms="26729">
      <class name="com.qa.utility.TestNG_Engine">
        <test-method signature="TestGun()[pri:0, instance:com.qa.utility.TestNG_Engine@1b6e1eff]" started-at="2022-10-17T00:19:48 IST" name="TestGun" finished-at="2022-10-17T00:20:15 IST" duration-ms="26702" status="PASS">
          <reporter-output>
          </reporter-output>
        </test-method> <!-- TestGun -->
      </class> <!-- com.qa.utility.TestNG_Engine -->
    </test> <!-- Test -->
  </suite> <!-- Suite -->
</testng-results>
