<?xml version="1.0" encoding="UTF-8"?>
<!-- Generated by org.testng.reporters.JUnitXMLReporter -->
<testsuite ignored="4" hostname="Ramling" failures="0" tests="3" name="tmpTest" time="25.848" errors="0" timestamp="2022-10-17T00:20:15 IST">
  <testcase classname="com.qa.test.TC_001" name="method1" time="0.534"/>
  <testcase classname="com.qa.test.TC_002" name="method1" time="1.286"/>
  <testcase classname="com.qa.test.TC_003" name="method1" time="0.404"/>
  <testcase classname="com.qa.setup.SetUp" name="@AfterSuite flush" time="0.0">
    <ignored/>
  </testcase> <!-- @AfterSuite flush -->
  <testcase classname="com.qa.setup.SetUp" name="@AfterSuite flush" time="0.0">
    <ignored/>
  </testcase> <!-- @AfterSuite flush -->
  <testcase classname="com.qa.setup.SetUp" name="@BeforeSuite init" time="0.0">
    <ignored/>
  </testcase> <!-- @BeforeSuite init -->
  <testcase classname="com.qa.setup.SetUp" name="@BeforeSuite init" time="0.0">
    <ignored/>
  </testcase> <!-- @BeforeSuite init -->
</testsuite> <!-- tmpTest -->
